2022-07-14 17:50:38,887 - BrokenLinks -INFO - initialization of the properties file is done
2022-07-14 17:50:40,650 - io.github.bonigarcia.wdm.WebDriverManager -INFO - Using chromedriver 103.0.5060.53 (since Google Chrome 103 is installed in your machine)
2022-07-14 17:50:40,718 - io.github.bonigarcia.wdm.WebDriverManager -INFO - Exporting webdriver.chrome.driver as C:\WINDOWS\system32\config\systemprofile\.m2\repository\webdriver\chromedriver\win32\103.0.5060.53\chromedriver.exe
2022-07-14 17:50:43,365 - BrokenLinks -INFO - Total URL exist in sheet==10
2022-07-14 17:50:43,365 - BrokenLinks -INFO - ===============Broken Links Test Start===============
2022-07-14 17:50:43,435 - BrokenLinks -INFO - Server Name==Connect
2022-07-14 17:50:43,478 - BrokenLinks -INFO - URL is==http://10.20.104.71:8072/
2022-07-14 17:50:43,478 - BrokenLinks -INFO - =====Broken Links Test Without Login=====
2022-07-14 17:50:49,667 - BrokenLinks -INFO - Total links are 0
2022-07-14 17:50:49,698 - BrokenLinks -INFO - =====Broken Links Test After Login=====
2022-07-14 17:50:52,645 - BrokenLinks -INFO - Entered UserName
2022-07-14 17:50:53,905 - BrokenLinks -INFO - Entered Password
2022-07-14 17:50:55,186 - BrokenLinks -INFO - Login done
2022-07-14 17:51:19,843 - BrokenLinks -INFO - Total links are 83
2022-07-14 17:54:02,161 - BrokenLinks -ERROR - com.sun.mail.util.MailConnectException: Couldn't connect to host, port: 10.100.112.1, 25; timeout -1;
  nested exception is:
	java.net.ConnectException: Connection timed out: connect
2022-07-14 17:54:02,161 - BrokenLinks -INFO - ===============Broken Links Test Start===============
2022-07-14 17:54:02,189 - BrokenLinks -INFO - Server Name==NetAgent
2022-07-14 17:54:02,213 - BrokenLinks -INFO - URL is==https://stagingna.nglog.com/login
2022-07-14 17:54:02,213 - BrokenLinks -INFO - =====Broken Links Test Without Login=====
2022-07-14 17:54:09,269 - BrokenLinks -INFO - Total links are 1
2022-07-14 17:54:11,016 - BrokenLinks -INFO - =====Broken Links Test After Login=====
2022-07-14 17:56:08,573 - BrokenLinks -INFO - ===============Broken Links Test Start===============
2022-07-14 17:56:08,609 - BrokenLinks -INFO - Server Name==NetShip
2022-07-14 17:56:08,624 - BrokenLinks -INFO - URL is==https://stagingns.nglog.com/
2022-07-14 17:56:08,624 - BrokenLinks -INFO - =====Broken Links Test Without Login=====
2022-07-14 17:56:15,950 - BrokenLinks -INFO - Total links are 4
2022-07-14 17:56:20,190 - BrokenLinks -INFO - =====Broken Links Test After Login=====
2022-07-14 17:58:33,950 - BrokenLinks -INFO - ===============Broken Links Test Start===============
2022-07-14 17:58:33,975 - BrokenLinks -INFO - Server Name==NetAgent Support Login
2022-07-14 17:58:33,988 - BrokenLinks -INFO - URL is==https://stagingna.nglog.com/support
2022-07-14 17:58:33,989 - BrokenLinks -INFO - =====Broken Links Test Without Login=====
2022-07-14 17:58:37,658 - BrokenLinks -INFO - Total links are 0
2022-07-14 17:58:37,668 - BrokenLinks -INFO - =====Broken Links Test After Login=====
2022-07-14 17:58:42,843 - BrokenLinks -INFO - Issue with URL==FAIL
2022-07-14 17:58:44,113 - BrokenLinks -INFO - ===============Broken Links Test Start===============
2022-07-14 17:58:44,126 - BrokenLinks -INFO - Server Name==NetShip Support Login
2022-07-14 17:58:44,139 - BrokenLinks -INFO - URL is==https://stagingns.nglog.com/support
2022-07-14 17:58:44,140 - BrokenLinks -INFO - =====Broken Links Test Without Login=====
2022-07-14 17:58:45,180 - BrokenLinks -INFO - Total links are 3
2022-07-14 17:58:45,240 - BrokenLinks -INFO - =====Broken Links Test After Login=====
2022-07-14 17:59:41,306 - BrokenLinks -INFO - ===============Broken Links Test Start===============
2022-07-14 17:59:41,325 - BrokenLinks -INFO - Server Name==FedEXSameDay
2022-07-14 17:59:41,343 - BrokenLinks -INFO - URL is==https://staging.fedexsameday.com
2022-07-14 17:59:41,343 - BrokenLinks -INFO - =====Broken Links Test Without Login=====
2022-07-14 17:59:50,392 - BrokenLinks -INFO - Total links are 72
2022-07-14 18:01:27,217 - BrokenLinks -INFO - =====Broken Links Test After Login=====
2022-07-14 18:01:35,149 - BrokenLinks -INFO - Issue with URL==FAIL
2022-07-14 18:01:40,568 - BrokenLinks -INFO - ===============Broken Links Test Start===============
2022-07-14 18:01:40,597 - BrokenLinks -INFO - Server Name==FedEx CIL/ MDSI
2022-07-14 18:01:40,610 - BrokenLinks -INFO - URL is==http://10.20.104.71:9077/TestApplicationUtility/
2022-07-14 18:01:40,610 - BrokenLinks -INFO - =====Broken Links Test Without Login=====
2022-07-14 18:01:45,006 - BrokenLinks -INFO - Total links are 9
2022-07-14 18:01:58,520 - BrokenLinks -INFO - ===============Broken Links Test Start===============
2022-07-14 18:01:58,532 - BrokenLinks -INFO - Server Name==Special Support - FedEx RW/ CR_46
2022-07-14 18:01:58,544 - BrokenLinks -INFO - URL is==https://staging.fedexsameday.com/specialsupport.aspx
2022-07-14 18:01:58,545 - BrokenLinks -INFO - =====Broken Links Test Without Login=====
2022-07-14 18:02:01,522 - BrokenLinks -INFO - Total links are 49
2022-07-14 18:03:08,538 - BrokenLinks -INFO - ===============Broken Links Test Start===============
2022-07-14 18:03:08,551 - BrokenLinks -INFO - Server Name==Test Utility (Cheetah Order Processing)
2022-07-14 18:03:08,560 - BrokenLinks -INFO - URL is==http://10.20.104.71:9077/PublicServiceWebApplication/FlashWsV2.aspx
2022-07-14 18:03:08,560 - BrokenLinks -INFO - =====Broken Links Test Without Login=====
2022-07-14 18:03:10,199 - BrokenLinks -INFO - Total links are 10
